c:\users\apple\documents\code\c++\binary_converter_gui\directx9_imgui\debug\vc142.pdb
c:\users\apple\documents\code\c++\binary_converter_gui\directx9_imgui\debug\vc142.idb
c:\users\apple\documents\code\c++\binary_converter_gui\directx9_imgui\debug\main.obj
c:\users\apple\documents\code\c++\binary_converter_gui\directx9_imgui\debug\imgui_widgets.obj
c:\users\apple\documents\code\c++\binary_converter_gui\directx9_imgui\debug\imgui_impl_win32.obj
c:\users\apple\documents\code\c++\binary_converter_gui\directx9_imgui\debug\imgui_impl_dx9.obj
c:\users\apple\documents\code\c++\binary_converter_gui\directx9_imgui\debug\imgui_draw.obj
c:\users\apple\documents\code\c++\binary_converter_gui\directx9_imgui\debug\imgui_demo.obj
c:\users\apple\documents\code\c++\binary_converter_gui\directx9_imgui\debug\imgui.obj
c:\users\apple\documents\code\c++\binary_converter_gui\directx9_imgui\debug\converter_table.obj
c:\users\apple\documents\code\c++\binary_converter_gui\debug\binary_converter_gui.exe
c:\users\apple\documents\code\c++\binary_converter_gui\debug\binary_converter_gui.ilk
c:\users\apple\documents\code\c++\binary_converter_gui\debug\binary_converter_gui.pdb
c:\users\apple\documents\code\c++\binary_converter_gui\directx9_imgui\debug\binary_converter_gui.res
c:\users\apple\documents\code\c++\binary_converter_gui\directx9_imgui\debug\directx9_imgui.res
c:\users\apple\documents\code\c++\binary_converter_gui\directx9_imgui\debug\im_gui_calculator.res
c:\users\apple\documents\code\c++\binary_converter_gui\directx9_imgui\debug\binary_c.62a3dde2.tlog\cl.command.1.tlog
c:\users\apple\documents\code\c++\binary_converter_gui\directx9_imgui\debug\binary_c.62a3dde2.tlog\cl.read.1.tlog
c:\users\apple\documents\code\c++\binary_converter_gui\directx9_imgui\debug\binary_c.62a3dde2.tlog\cl.write.1.tlog
c:\users\apple\documents\code\c++\binary_converter_gui\directx9_imgui\debug\binary_c.62a3dde2.tlog\link.command.1.tlog
c:\users\apple\documents\code\c++\binary_converter_gui\directx9_imgui\debug\binary_c.62a3dde2.tlog\link.read.1.tlog
c:\users\apple\documents\code\c++\binary_converter_gui\directx9_imgui\debug\binary_c.62a3dde2.tlog\link.write.1.tlog
c:\users\apple\documents\code\c++\binary_converter_gui\directx9_imgui\debug\binary_c.62a3dde2.tlog\rc.command.1.tlog
c:\users\apple\documents\code\c++\binary_converter_gui\directx9_imgui\debug\binary_c.62a3dde2.tlog\rc.read.1.tlog
c:\users\apple\documents\code\c++\binary_converter_gui\directx9_imgui\debug\binary_c.62a3dde2.tlog\rc.write.1.tlog
